<?xml version="1.0" encoding="UTF-8"?>
<testsuite xmlns:xsi="http://www.w3.org/2001/XMLSchema-instance" xsi:noNamespaceSchemaLocation="https://maven.apache.org/surefire/maven-surefire-plugin/xsd/surefire-test-report-3.0.xsd" version="3.0" name="runners.MainRunner" time="204.734" tests="9" errors="0" skipped="0" failures="0">
  <properties>
[...]
</properties>
  <testcase name="Validation of Add to Cart functionality (with a single item)" classname="Add to Cart fucntionality" time="34.116"/>
  <testcase name="Validation of Add to Cart functionality (with a single item)" classname="Add to Cart fucntionality" time="28.298"/>
  <testcase name="Validation of Megamenu functionality - Category and SubCategory" classname="Megamenu fucntionality" time="20.652"/>
  <testcase name="Validation of Megamenu functionality - Category" classname="Megamenu fucntionality" time="17.3"/>
  <testcase name="Validation of registation functionality with valid email address" classname="Register Functionality" time="23.704"/>
  <testcase name="Validation of registation functionality with existing email address" classname="Register Functionality" time="19.407"/>
  <testcase name="Validation of registation functionality with incorrect email address" classname="Register Functionality" time="18.359"/>
  <testcase name="Validation of registation functionality with incorrect email address" classname="Register Functionality" time="18.011"/>
  <testcase name="Validation of registation functionality with incorrect email address" classname="Register Functionality" time="17.734"/>
</testsuite>